Change component parameters: Designator = "S0" ("S0"); Footprint = "CNY70"; UniqueID = "\TFZROSNT" ("\TFZROSNT")
Change component parameters (AddParameter): Name = "Name"; Value = "CNY70"; VariantName = "[No Variations]"
Change component parameters (AddParameter): Name = "Reference"; Value = "38-00-43"; VariantName = "[No Variations]"
Change component parameters (AddParameter): Name = "Supplier"; Value = "Lomex"; VariantName = "[No Variations]"
Change component parameters: Designator = "S1" ("S1"); Footprint = "CNY70"; UniqueID = "\EXSLPTUF" ("\EXSLPTUF")
Change component parameters (AddParameter): Name = "Name"; Value = "CNY70"; VariantName = "[No Variations]"
Change component parameters (AddParameter): Name = "Reference"; Value = "38-00-43"; VariantName = "[No Variations]"
Change component parameters (AddParameter): Name = "Supplier"; Value = "Lomex"; VariantName = "[No Variations]"
Change component parameters: Designator = "S2" ("S2"); Footprint = "CNY70"; UniqueID = "\XVAYNXPR" ("\XVAYNXPR")
Change component parameters (AddParameter): Name = "Name"; Value = "CNY70"; VariantName = "[No Variations]"
Change component parameters (AddParameter): Name = "Reference"; Value = "38-00-43"; VariantName = "[No Variations]"
Change component parameters (AddParameter): Name = "Supplier"; Value = "Lomex"; VariantName = "[No Variations]"
Change component parameters: Designator = "S3" ("S3"); Footprint = "CNY70"; UniqueID = "\BRPQCDXO" ("\BRPQCDXO")
Change component parameters (AddParameter): Name = "Name"; Value = "CNY70"; VariantName = "[No Variations]"
Change component parameters (AddParameter): Name = "Reference"; Value = "38-00-43"; VariantName = "[No Variations]"
Change component parameters (AddParameter): Name = "Supplier"; Value = "Lomex"; VariantName = "[No Variations]"
Change component parameters: Designator = "S4" ("S4"); Footprint = "CNY70"; UniqueID = "\QNTMCQPQ" ("\QNTMCQPQ")
Change component parameters (AddParameter): Name = "Name"; Value = "CNY70"; VariantName = "[No Variations]"
Change component parameters (AddParameter): Name = "Reference"; Value = "38-00-43"; VariantName = "[No Variations]"
Change component parameters (AddParameter): Name = "Supplier"; Value = "Lomex"; VariantName = "[No Variations]"
Change component parameters: Designator = "S5" ("S5"); Footprint = "CNY70"; UniqueID = "\GVLTUIAX" ("\GVLTUIAX")
Change component parameters (AddParameter): Name = "Name"; Value = "CNY70"; VariantName = "[No Variations]"
Change component parameters (AddParameter): Name = "Reference"; Value = "38-00-43"; VariantName = "[No Variations]"
Change component parameters (AddParameter): Name = "Supplier"; Value = "Lomex"; VariantName = "[No Variations]"
Change component parameters: Designator = "S6" ("S6"); Footprint = "CNY70"; UniqueID = "\OZBKIUKP" ("\OZBKIUKP")
Change component parameters (AddParameter): Name = "Name"; Value = "CNY70"; VariantName = "[No Variations]"
Change component parameters (AddParameter): Name = "Reference"; Value = "38-00-43"; VariantName = "[No Variations]"
Change component parameters (AddParameter): Name = "Supplier"; Value = "Lomex"; VariantName = "[No Variations]"
Change component parameters: Designator = "S7" ("S7"); Footprint = "CNY70"; UniqueID = "\MHQJFRDV" ("\MHQJFRDV")
Change component parameters (AddParameter): Name = "Name"; Value = "CNY70"; VariantName = "[No Variations]"
Change component parameters (AddParameter): Name = "Reference"; Value = "38-00-43"; VariantName = "[No Variations]"
Change component parameters (AddParameter): Name = "Supplier"; Value = "Lomex"; VariantName = "[No Variations]"
Change component parameters: Designator = "S8" ("S8"); Footprint = "CNY70"; UniqueID = "\TWKTFNMB" ("\TWKTFNMB")
Change component parameters (AddParameter): Name = "Name"; Value = "CNY70"; VariantName = "[No Variations]"
Change component parameters (AddParameter): Name = "Reference"; Value = "38-00-43"; VariantName = "[No Variations]"
Change component parameters (AddParameter): Name = "Supplier"; Value = "Lomex"; VariantName = "[No Variations]"
Change component parameters: Designator = "S9" ("S9"); Footprint = "CNY70"; UniqueID = "\LRJQKPAF" ("\LRJQKPAF")
Change component parameters (AddParameter): Name = "Name"; Value = "CNY70"; VariantName = "[No Variations]"
Change component parameters (AddParameter): Name = "Reference"; Value = "38-00-43"; VariantName = "[No Variations]"
Change component parameters (AddParameter): Name = "Supplier"; Value = "Lomex"; VariantName = "[No Variations]"
Change component parameters: Designator = "S+" ("S+"); Footprint = "CNY70"; UniqueID = "\SXMUSWWC" ("\SXMUSWWC")
Change component parameters (AddParameter): Name = "Name"; Value = "CNY70"; VariantName = "[No Variations]"
Change component parameters (AddParameter): Name = "Reference"; Value = "38-00-43"; VariantName = "[No Variations]"
Change component parameters (AddParameter): Name = "Supplier"; Value = "Lomex"; VariantName = "[No Variations]"
Change component parameters: Designator = "S-" ("S-"); Footprint = "CNY70"; UniqueID = "\MRBWLDJM" ("\MRBWLDJM")
Change component parameters (AddParameter): Name = "Name"; Value = "CNY70"; VariantName = "[No Variations]"
Change component parameters (AddParameter): Name = "Reference"; Value = "38-00-43"; VariantName = "[No Variations]"
Change component parameters (AddParameter): Name = "Supplier"; Value = "Lomex"; VariantName = "[No Variations]"
Change component parameters: Designator = "Sdivide" ("Sdivide"); Footprint = "CNY70"; UniqueID = "\MUVOBSLF" ("\MUVOBSLF")
Change component parameters (AddParameter): Name = "Name"; Value = "CNY70"; VariantName = "[No Variations]"
Change component parameters (AddParameter): Name = "Reference"; Value = "38-00-43"; VariantName = "[No Variations]"
Change component parameters (AddParameter): Name = "Supplier"; Value = "Lomex"; VariantName = "[No Variations]"
Change component parameters: Designator = "Sdot" ("Sdot"); Footprint = "CNY70"; UniqueID = "\OMBIFUSP" ("\OMBIFUSP")
Change component parameters (AddParameter): Name = "Name"; Value = "CNY70"; VariantName = "[No Variations]"
Change component parameters (AddParameter): Name = "Reference"; Value = "38-00-43"; VariantName = "[No Variations]"
Change component parameters (AddParameter): Name = "Supplier"; Value = "Lomex"; VariantName = "[No Variations]"
Change component parameters: Designator = "Sequal" ("Sequal"); Footprint = "CNY70"; UniqueID = "\AILTYPDU" ("\AILTYPDU")
Change component parameters (AddParameter): Name = "Name"; Value = "CNY70"; VariantName = "[No Variations]"
Change component parameters (AddParameter): Name = "Reference"; Value = "38-00-43"; VariantName = "[No Variations]"
Change component parameters (AddParameter): Name = "Supplier"; Value = "Lomex"; VariantName = "[No Variations]"
Change component parameters: Designator = "Sx" ("Sx"); Footprint = "CNY70"; UniqueID = "\UAYRYZQY" ("\UAYRYZQY")
Change component parameters (AddParameter): Name = "Name"; Value = "CNY70"; VariantName = "[No Variations]"
Change component parameters (AddParameter): Name = "Reference"; Value = "38-00-43"; VariantName = "[No Variations]"
Change component parameters (AddParameter): Name = "Supplier"; Value = "Lomex"; VariantName = "[No Variations]"
