Removed Pin From Net: NetName=3.3V Pin=Tr0-2
Removed Pin From Net: NetName=NetS0_3 Pin=Tr0-3
Removed Pin From Net: NetName=3.3V Pin=Tr7-2
Removed Pin From Net: NetName=NetS7_3 Pin=Tr7-3
Removed Pin From Net: NetName=3.3V Pin=Tr8-2
Removed Pin From Net: NetName=NetS8_3 Pin=Tr8-3
Removed Pin From Net: NetName=3.3V Pin=Tr9-2
Removed Pin From Net: NetName=NetS9_3 Pin=Tr9-3
Removed Pin From Net: NetName=3.3V Pin=Trdivide-2
Removed Pin From Net: NetName=NetSdivide_3 Pin=Trdivide-3
Removed Pin From Net: NetName=3.3V Pin=Trdot-2
Removed Pin From Net: NetName=NetSdot_3 Pin=Trdot-3
Removed Pin From Net: NetName=3.3V Pin=Trequal-2
Removed Pin From Net: NetName=NetSequal_3 Pin=Trequal-3
Removed Pin From Net: NetName=3.3V Pin=Trx-2
Removed Pin From Net: NetName=NetSx_3 Pin=Trx-3
Added Pin To Net: NetName=NetS0_3 Pin=Tr0-2
Added Pin To Net: NetName=3.3V Pin=Tr0-3
Added Pin To Net: NetName=NetS7_3 Pin=Tr7-2
Added Pin To Net: NetName=3.3V Pin=Tr7-3
Added Pin To Net: NetName=NetS8_3 Pin=Tr8-2
Added Pin To Net: NetName=3.3V Pin=Tr8-3
Added Pin To Net: NetName=NetS9_3 Pin=Tr9-2
Added Pin To Net: NetName=3.3V Pin=Tr9-3
Added Pin To Net: NetName=NetSdivide_3 Pin=Trdivide-2
Added Pin To Net: NetName=3.3V Pin=Trdivide-3
Added Pin To Net: NetName=NetSdot_3 Pin=Trdot-2
Added Pin To Net: NetName=3.3V Pin=Trdot-3
Added Pin To Net: NetName=NetSequal_3 Pin=Trequal-2
Added Pin To Net: NetName=3.3V Pin=Trequal-3
Added Pin To Net: NetName=NetSx_3 Pin=Trx-2
Added Pin To Net: NetName=3.3V Pin=Trx-3
